<?xml version="1.0" encoding="utf-8"?><testsuites><testsuite errors="0" failures="0" hostname="leejeonghun-G7-7588" name="pytest" skipped="0" tests="3" time="1.806" timestamp="2022-07-08T11:57:57.170924"><testcase classname="examples_rclpy_minimal_action_client.actions.minimal_action_client.test.test_copyright" name="test_copyright" time="1.276"><system-out>No problems found, checked 8 files
</system-out></testcase><testcase classname="examples_rclpy_minimal_action_client.actions.minimal_action_client.test.test_flake8" name="test_flake8" time="0.171"><system-out>
9 files checked
No problems found

Checked files:

* ./setup.py
* ./test/test_flake8.py
* ./test/test_copyright.py
* ./test/test_pep257.py
* ./examples_rclpy_minimal_action_client/client_cancel.py
* ./examples_rclpy_minimal_action_client/client_asyncio.py
* ./examples_rclpy_minimal_action_client/client_not_composable.py
* ./examples_rclpy_minimal_action_client/client.py
* ./examples_rclpy_minimal_action_client/__init__.py
</system-out></testcase><testcase classname="examples_rclpy_minimal_action_client.actions.minimal_action_client.test.test_pep257" name="test_pep257" time="0.063"><system-out>checking ./examples_rclpy_minimal_action_client/__init__.py
checking ./examples_rclpy_minimal_action_client/client.py
checking ./examples_rclpy_minimal_action_client/client_asyncio.py
checking ./examples_rclpy_minimal_action_client/client_cancel.py
checking ./examples_rclpy_minimal_action_client/client_not_composable.py
checking ./setup.py
checking ./test/test_copyright.py
checking ./test/test_flake8.py
checking ./test/test_pep257.py
No problems found
</system-out></testcase></testsuite></testsuites>