<?xml version="1.0" encoding="UTF-8"?>
<Site BuildName="(empty)"
	BuildStamp="20220708-0257-Experimental"
	Name="leejeonghun-G7-7588"
	Generator="ctest-3.16.3"
	CompilerName="/usr/bin/c++"
	CompilerVersion="9.4.0"
	OSName="Linux"
	Hostname="leejeonghun-G7-7588"
	OSRelease="5.13.0-52-generic"
	OSVersion="#59~20.04.1-Ubuntu SMP Thu Jun 16 21:21:28 UTC 2022"
	OSPlatform="x86_64"
	Is64Bits="1"
	VendorString="GenuineIntel"
	VendorID="Intel Corporation"
	FamilyID="6"
	ModelID="158"
	ProcessorCacheSize="9216"
	NumberOfLogicalCPU="12"
	NumberOfPhysicalCPU="6"
	TotalVirtualMemory="19072"
	TotalPhysicalMemory="15690"
	LogicalProcessorsPerPhysical="2"
	ProcessorClockFrequency="3313.72"
	>
	<Testing>
		<StartDateTime>Jul 08 11:57 KST</StartDateTime>
		<StartTestTime>1657249073</StartTestTime>
		<TestList>
			<Test>./copyright</Test>
			<Test>./cppcheck</Test>
			<Test>./cpplint</Test>
			<Test>./lint_cmake</Test>
			<Test>./uncrustify</Test>
			<Test>./xmllint</Test>
		</TestList>
		<Test Status="passed">
			<Name>copyright</Name>
			<Path>.</Path>
			<FullName>./copyright</FullName>
			<FullCommandLine>/usr/bin/python3 "-u" "/opt/ros/galactic/share/ament_cmake_test/cmake/run_test.py" "/home/leejeonghun/ros2_example_ws/build/examples_rclcpp_minimal_publisher/test_results/examples_rclcpp_minimal_publisher/copyright.xunit.xml" "--package-name" "examples_rclcpp_minimal_publisher" "--output-file" "/home/leejeonghun/ros2_example_ws/build/examples_rclcpp_minimal_publisher/ament_copyright/copyright.txt" "--command" "/opt/ros/galactic/bin/ament_copyright" "--xunit-file" "/home/leejeonghun/ros2_example_ws/build/examples_rclcpp_minimal_publisher/test_results/examples_rclcpp_minimal_publisher/copyright.xunit.xml"</FullCommandLine>
			<Results>
				<NamedMeasurement type="numeric/double" name="Execution Time">
					<Value>1.48992</Value>
				</NamedMeasurement>
				<NamedMeasurement type="numeric/double" name="Processors">
					<Value>1</Value>
				</NamedMeasurement>
				<NamedMeasurement type="text/string" name="Completion Status">
					<Value>Completed</Value>
				</NamedMeasurement>
				<NamedMeasurement type="text/string" name="Command Line">
					<Value>/usr/bin/python3 "-u" "/opt/ros/galactic/share/ament_cmake_test/cmake/run_test.py" "/home/leejeonghun/ros2_example_ws/build/examples_rclcpp_minimal_publisher/test_results/examples_rclcpp_minimal_publisher/copyright.xunit.xml" "--package-name" "examples_rclcpp_minimal_publisher" "--output-file" "/home/leejeonghun/ros2_example_ws/build/examples_rclcpp_minimal_publisher/ament_copyright/copyright.txt" "--command" "/opt/ros/galactic/bin/ament_copyright" "--xunit-file" "/home/leejeonghun/ros2_example_ws/build/examples_rclcpp_minimal_publisher/test_results/examples_rclcpp_minimal_publisher/copyright.xunit.xml"</Value>
				</NamedMeasurement>
				<Measurement>
					<Value>-- run_test.py: invoking following command in '/home/leejeonghun/ros2_example_ws/src/examples/rclcpp/topics/minimal_publisher':
 - /opt/ros/galactic/bin/ament_copyright --xunit-file /home/leejeonghun/ros2_example_ws/build/examples_rclcpp_minimal_publisher/test_results/examples_rclcpp_minimal_publisher/copyright.xunit.xml
No problems found, checked 4 files
-- run_test.py: return code 0
-- run_test.py: verify result file '/home/leejeonghun/ros2_example_ws/build/examples_rclcpp_minimal_publisher/test_results/examples_rclcpp_minimal_publisher/copyright.xunit.xml'
</Value>
				</Measurement>
			</Results>
			<Labels>
				<Label>copyright</Label>
				<Label>linter</Label>
			</Labels>
		</Test>
		<Test Status="passed">
			<Name>cppcheck</Name>
			<Path>.</Path>
			<FullName>./cppcheck</FullName>
			<FullCommandLine>/usr/bin/python3 "-u" "/opt/ros/galactic/share/ament_cmake_test/cmake/run_test.py" "/home/leejeonghun/ros2_example_ws/build/examples_rclcpp_minimal_publisher/test_results/examples_rclcpp_minimal_publisher/cppcheck.xunit.xml" "--package-name" "examples_rclcpp_minimal_publisher" "--output-file" "/home/leejeonghun/ros2_example_ws/build/examples_rclcpp_minimal_publisher/ament_cppcheck/cppcheck.txt" "--command" "/opt/ros/galactic/bin/ament_cppcheck" "--xunit-file" "/home/leejeonghun/ros2_example_ws/build/examples_rclcpp_minimal_publisher/test_results/examples_rclcpp_minimal_publisher/cppcheck.xunit.xml"</FullCommandLine>
			<Results>
				<NamedMeasurement type="numeric/double" name="Execution Time">
					<Value>0.935174</Value>
				</NamedMeasurement>
				<NamedMeasurement type="numeric/double" name="Processors">
					<Value>1</Value>
				</NamedMeasurement>
				<NamedMeasurement type="text/string" name="Completion Status">
					<Value>Completed</Value>
				</NamedMeasurement>
				<NamedMeasurement type="text/string" name="Command Line">
					<Value>/usr/bin/python3 "-u" "/opt/ros/galactic/share/ament_cmake_test/cmake/run_test.py" "/home/leejeonghun/ros2_example_ws/build/examples_rclcpp_minimal_publisher/test_results/examples_rclcpp_minimal_publisher/cppcheck.xunit.xml" "--package-name" "examples_rclcpp_minimal_publisher" "--output-file" "/home/leejeonghun/ros2_example_ws/build/examples_rclcpp_minimal_publisher/ament_cppcheck/cppcheck.txt" "--command" "/opt/ros/galactic/bin/ament_cppcheck" "--xunit-file" "/home/leejeonghun/ros2_example_ws/build/examples_rclcpp_minimal_publisher/test_results/examples_rclcpp_minimal_publisher/cppcheck.xunit.xml"</Value>
				</NamedMeasurement>
				<Measurement>
					<Value>-- run_test.py: invoking following command in '/home/leejeonghun/ros2_example_ws/src/examples/rclcpp/topics/minimal_publisher':
 - /opt/ros/galactic/bin/ament_cppcheck --xunit-file /home/leejeonghun/ros2_example_ws/build/examples_rclcpp_minimal_publisher/test_results/examples_rclcpp_minimal_publisher/cppcheck.xunit.xml
No problems found
-- run_test.py: return code 0
-- run_test.py: verify result file '/home/leejeonghun/ros2_example_ws/build/examples_rclcpp_minimal_publisher/test_results/examples_rclcpp_minimal_publisher/cppcheck.xunit.xml'
</Value>
				</Measurement>
			</Results>
			<Labels>
				<Label>cppcheck</Label>
				<Label>linter</Label>
			</Labels>
		</Test>
		<Test Status="passed">
			<Name>cpplint</Name>
			<Path>.</Path>
			<FullName>./cpplint</FullName>
			<FullCommandLine>/usr/bin/python3 "-u" "/opt/ros/galactic/share/ament_cmake_test/cmake/run_test.py" "/home/leejeonghun/ros2_example_ws/build/examples_rclcpp_minimal_publisher/test_results/examples_rclcpp_minimal_publisher/cpplint.xunit.xml" "--package-name" "examples_rclcpp_minimal_publisher" "--output-file" "/home/leejeonghun/ros2_example_ws/build/examples_rclcpp_minimal_publisher/ament_cpplint/cpplint.txt" "--command" "/opt/ros/galactic/bin/ament_cpplint" "--xunit-file" "/home/leejeonghun/ros2_example_ws/build/examples_rclcpp_minimal_publisher/test_results/examples_rclcpp_minimal_publisher/cpplint.xunit.xml"</FullCommandLine>
			<Results>
				<NamedMeasurement type="numeric/double" name="Execution Time">
					<Value>0.814178</Value>
				</NamedMeasurement>
				<NamedMeasurement type="numeric/double" name="Processors">
					<Value>1</Value>
				</NamedMeasurement>
				<NamedMeasurement type="text/string" name="Completion Status">
					<Value>Completed</Value>
				</NamedMeasurement>
				<NamedMeasurement type="text/string" name="Command Line">
					<Value>/usr/bin/python3 "-u" "/opt/ros/galactic/share/ament_cmake_test/cmake/run_test.py" "/home/leejeonghun/ros2_example_ws/build/examples_rclcpp_minimal_publisher/test_results/examples_rclcpp_minimal_publisher/cpplint.xunit.xml" "--package-name" "examples_rclcpp_minimal_publisher" "--output-file" "/home/leejeonghun/ros2_example_ws/build/examples_rclcpp_minimal_publisher/ament_cpplint/cpplint.txt" "--command" "/opt/ros/galactic/bin/ament_cpplint" "--xunit-file" "/home/leejeonghun/ros2_example_ws/build/examples_rclcpp_minimal_publisher/test_results/examples_rclcpp_minimal_publisher/cpplint.xunit.xml"</Value>
				</NamedMeasurement>
				<Measurement>
					<Value>-- run_test.py: invoking following command in '/home/leejeonghun/ros2_example_ws/src/examples/rclcpp/topics/minimal_publisher':
 - /opt/ros/galactic/bin/ament_cpplint --xunit-file /home/leejeonghun/ros2_example_ws/build/examples_rclcpp_minimal_publisher/test_results/examples_rclcpp_minimal_publisher/cpplint.xunit.xml
Using '--root=..' argument

Done processing /home/leejeonghun/ros2_example_ws/src/examples/rclcpp/topics/minimal_publisher/lambda.cpp

Done processing /home/leejeonghun/ros2_example_ws/src/examples/rclcpp/topics/minimal_publisher/member_function.cpp

Done processing /home/leejeonghun/ros2_example_ws/src/examples/rclcpp/topics/minimal_publisher/member_function_with_unique_network_flow_endpoints.cpp

Done processing /home/leejeonghun/ros2_example_ws/src/examples/rclcpp/topics/minimal_publisher/not_composable.cpp

No problems found
-- run_test.py: return code 0
-- run_test.py: verify result file '/home/leejeonghun/ros2_example_ws/build/examples_rclcpp_minimal_publisher/test_results/examples_rclcpp_minimal_publisher/cpplint.xunit.xml'
</Value>
				</Measurement>
			</Results>
			<Labels>
				<Label>cpplint</Label>
				<Label>linter</Label>
			</Labels>
		</Test>
		<Test Status="passed">
			<Name>lint_cmake</Name>
			<Path>.</Path>
			<FullName>./lint_cmake</FullName>
			<FullCommandLine>/usr/bin/python3 "-u" "/opt/ros/galactic/share/ament_cmake_test/cmake/run_test.py" "/home/leejeonghun/ros2_example_ws/build/examples_rclcpp_minimal_publisher/test_results/examples_rclcpp_minimal_publisher/lint_cmake.xunit.xml" "--package-name" "examples_rclcpp_minimal_publisher" "--output-file" "/home/leejeonghun/ros2_example_ws/build/examples_rclcpp_minimal_publisher/ament_lint_cmake/lint_cmake.txt" "--command" "/opt/ros/galactic/bin/ament_lint_cmake" "--xunit-file" "/home/leejeonghun/ros2_example_ws/build/examples_rclcpp_minimal_publisher/test_results/examples_rclcpp_minimal_publisher/lint_cmake.xunit.xml"</FullCommandLine>
			<Results>
				<NamedMeasurement type="numeric/double" name="Execution Time">
					<Value>0.604549</Value>
				</NamedMeasurement>
				<NamedMeasurement type="numeric/double" name="Processors">
					<Value>1</Value>
				</NamedMeasurement>
				<NamedMeasurement type="text/string" name="Completion Status">
					<Value>Completed</Value>
				</NamedMeasurement>
				<NamedMeasurement type="text/string" name="Command Line">
					<Value>/usr/bin/python3 "-u" "/opt/ros/galactic/share/ament_cmake_test/cmake/run_test.py" "/home/leejeonghun/ros2_example_ws/build/examples_rclcpp_minimal_publisher/test_results/examples_rclcpp_minimal_publisher/lint_cmake.xunit.xml" "--package-name" "examples_rclcpp_minimal_publisher" "--output-file" "/home/leejeonghun/ros2_example_ws/build/examples_rclcpp_minimal_publisher/ament_lint_cmake/lint_cmake.txt" "--command" "/opt/ros/galactic/bin/ament_lint_cmake" "--xunit-file" "/home/leejeonghun/ros2_example_ws/build/examples_rclcpp_minimal_publisher/test_results/examples_rclcpp_minimal_publisher/lint_cmake.xunit.xml"</Value>
				</NamedMeasurement>
				<Measurement>
					<Value>-- run_test.py: invoking following command in '/home/leejeonghun/ros2_example_ws/src/examples/rclcpp/topics/minimal_publisher':
 - /opt/ros/galactic/bin/ament_lint_cmake --xunit-file /home/leejeonghun/ros2_example_ws/build/examples_rclcpp_minimal_publisher/test_results/examples_rclcpp_minimal_publisher/lint_cmake.xunit.xml

No problems found
-- run_test.py: return code 0
-- run_test.py: verify result file '/home/leejeonghun/ros2_example_ws/build/examples_rclcpp_minimal_publisher/test_results/examples_rclcpp_minimal_publisher/lint_cmake.xunit.xml'
</Value>
				</Measurement>
			</Results>
			<Labels>
				<Label>lint_cmake</Label>
				<Label>linter</Label>
			</Labels>
		</Test>
		<Test Status="passed">
			<Name>uncrustify</Name>
			<Path>.</Path>
			<FullName>./uncrustify</FullName>
			<FullCommandLine>/usr/bin/python3 "-u" "/opt/ros/galactic/share/ament_cmake_test/cmake/run_test.py" "/home/leejeonghun/ros2_example_ws/build/examples_rclcpp_minimal_publisher/test_results/examples_rclcpp_minimal_publisher/uncrustify.xunit.xml" "--package-name" "examples_rclcpp_minimal_publisher" "--output-file" "/home/leejeonghun/ros2_example_ws/build/examples_rclcpp_minimal_publisher/ament_uncrustify/uncrustify.txt" "--command" "/opt/ros/galactic/bin/ament_uncrustify" "--xunit-file" "/home/leejeonghun/ros2_example_ws/build/examples_rclcpp_minimal_publisher/test_results/examples_rclcpp_minimal_publisher/uncrustify.xunit.xml"</FullCommandLine>
			<Results>
				<NamedMeasurement type="numeric/double" name="Execution Time">
					<Value>0.699142</Value>
				</NamedMeasurement>
				<NamedMeasurement type="numeric/double" name="Processors">
					<Value>1</Value>
				</NamedMeasurement>
				<NamedMeasurement type="text/string" name="Completion Status">
					<Value>Completed</Value>
				</NamedMeasurement>
				<NamedMeasurement type="text/string" name="Command Line">
					<Value>/usr/bin/python3 "-u" "/opt/ros/galactic/share/ament_cmake_test/cmake/run_test.py" "/home/leejeonghun/ros2_example_ws/build/examples_rclcpp_minimal_publisher/test_results/examples_rclcpp_minimal_publisher/uncrustify.xunit.xml" "--package-name" "examples_rclcpp_minimal_publisher" "--output-file" "/home/leejeonghun/ros2_example_ws/build/examples_rclcpp_minimal_publisher/ament_uncrustify/uncrustify.txt" "--command" "/opt/ros/galactic/bin/ament_uncrustify" "--xunit-file" "/home/leejeonghun/ros2_example_ws/build/examples_rclcpp_minimal_publisher/test_results/examples_rclcpp_minimal_publisher/uncrustify.xunit.xml"</Value>
				</NamedMeasurement>
				<Measurement>
					<Value>-- run_test.py: invoking following command in '/home/leejeonghun/ros2_example_ws/src/examples/rclcpp/topics/minimal_publisher':
 - /opt/ros/galactic/bin/ament_uncrustify --xunit-file /home/leejeonghun/ros2_example_ws/build/examples_rclcpp_minimal_publisher/test_results/examples_rclcpp_minimal_publisher/uncrustify.xunit.xml
No code style divergence in file 'lambda.cpp'

No code style divergence in file 'member_function.cpp'

No code style divergence in file 'member_function_with_unique_network_flow_endpoints.cpp'

No code style divergence in file 'not_composable.cpp'

No problems found
-- run_test.py: return code 0
-- run_test.py: verify result file '/home/leejeonghun/ros2_example_ws/build/examples_rclcpp_minimal_publisher/test_results/examples_rclcpp_minimal_publisher/uncrustify.xunit.xml'
</Value>
				</Measurement>
			</Results>
			<Labels>
				<Label>linter</Label>
				<Label>uncrustify</Label>
			</Labels>
		</Test>
		<Test Status="passed">
			<Name>xmllint</Name>
			<Path>.</Path>
			<FullName>./xmllint</FullName>
			<FullCommandLine>/usr/bin/python3 "-u" "/opt/ros/galactic/share/ament_cmake_test/cmake/run_test.py" "/home/leejeonghun/ros2_example_ws/build/examples_rclcpp_minimal_publisher/test_results/examples_rclcpp_minimal_publisher/xmllint.xunit.xml" "--package-name" "examples_rclcpp_minimal_publisher" "--output-file" "/home/leejeonghun/ros2_example_ws/build/examples_rclcpp_minimal_publisher/ament_xmllint/xmllint.txt" "--command" "/opt/ros/galactic/bin/ament_xmllint" "--xunit-file" "/home/leejeonghun/ros2_example_ws/build/examples_rclcpp_minimal_publisher/test_results/examples_rclcpp_minimal_publisher/xmllint.xunit.xml"</FullCommandLine>
			<Results>
				<NamedMeasurement type="numeric/double" name="Execution Time">
					<Value>0.837206</Value>
				</NamedMeasurement>
				<NamedMeasurement type="numeric/double" name="Processors">
					<Value>1</Value>
				</NamedMeasurement>
				<NamedMeasurement type="text/string" name="Completion Status">
					<Value>Completed</Value>
				</NamedMeasurement>
				<NamedMeasurement type="text/string" name="Command Line">
					<Value>/usr/bin/python3 "-u" "/opt/ros/galactic/share/ament_cmake_test/cmake/run_test.py" "/home/leejeonghun/ros2_example_ws/build/examples_rclcpp_minimal_publisher/test_results/examples_rclcpp_minimal_publisher/xmllint.xunit.xml" "--package-name" "examples_rclcpp_minimal_publisher" "--output-file" "/home/leejeonghun/ros2_example_ws/build/examples_rclcpp_minimal_publisher/ament_xmllint/xmllint.txt" "--command" "/opt/ros/galactic/bin/ament_xmllint" "--xunit-file" "/home/leejeonghun/ros2_example_ws/build/examples_rclcpp_minimal_publisher/test_results/examples_rclcpp_minimal_publisher/xmllint.xunit.xml"</Value>
				</NamedMeasurement>
				<Measurement>
					<Value>-- run_test.py: invoking following command in '/home/leejeonghun/ros2_example_ws/src/examples/rclcpp/topics/minimal_publisher':
 - /opt/ros/galactic/bin/ament_xmllint --xunit-file /home/leejeonghun/ros2_example_ws/build/examples_rclcpp_minimal_publisher/test_results/examples_rclcpp_minimal_publisher/xmllint.xunit.xml
File 'package.xml' is valid

No problems found
-- run_test.py: return code 0
-- run_test.py: verify result file '/home/leejeonghun/ros2_example_ws/build/examples_rclcpp_minimal_publisher/test_results/examples_rclcpp_minimal_publisher/xmllint.xunit.xml'
</Value>
				</Measurement>
			</Results>
			<Labels>
				<Label>linter</Label>
				<Label>xmllint</Label>
			</Labels>
		</Test>
		<EndDateTime>Jul 08 11:57 KST</EndDateTime>
		<EndTestTime>1657249078</EndTestTime>
		<ElapsedMinutes>0</ElapsedMinutes>
	</Testing>
</Site>
