Start testing: Jul 08 11:57 KST
----------------------------------------------------------
1/6 Testing: copyright
1/6 Test: copyright
Command: "/usr/bin/python3" "-u" "/opt/ros/galactic/share/ament_cmake_test/cmake/run_test.py" "/home/leejeonghun/ros2_example_ws/build/examples_rclcpp_cbg_executor/test_results/examples_rclcpp_cbg_executor/copyright.xunit.xml" "--package-name" "examples_rclcpp_cbg_executor" "--output-file" "/home/leejeonghun/ros2_example_ws/build/examples_rclcpp_cbg_executor/ament_copyright/copyright.txt" "--command" "/opt/ros/galactic/bin/ament_copyright" "--xunit-file" "/home/leejeonghun/ros2_example_ws/build/examples_rclcpp_cbg_executor/test_results/examples_rclcpp_cbg_executor/copyright.xunit.xml"
Directory: /home/leejeonghun/ros2_example_ws/src/examples/rclcpp/executors/cbg_executor
"copyright" start time: Jul 08 11:57 KST
Output:
----------------------------------------------------------
-- run_test.py: invoking following command in '/home/leejeonghun/ros2_example_ws/src/examples/rclcpp/executors/cbg_executor':
 - /opt/ros/galactic/bin/ament_copyright --xunit-file /home/leejeonghun/ros2_example_ws/build/examples_rclcpp_cbg_executor/test_results/examples_rclcpp_cbg_executor/copyright.xunit.xml
No problems found, checked 8 files
-- run_test.py: return code 0
-- run_test.py: verify result file '/home/leejeonghun/ros2_example_ws/build/examples_rclcpp_cbg_executor/test_results/examples_rclcpp_cbg_executor/copyright.xunit.xml'
<end of output>
Test time =   2.56 sec
----------------------------------------------------------
Test Passed.
"copyright" end time: Jul 08 11:57 KST
"copyright" time elapsed: 00:00:02
----------------------------------------------------------

2/6 Testing: cppcheck
2/6 Test: cppcheck
Command: "/usr/bin/python3" "-u" "/opt/ros/galactic/share/ament_cmake_test/cmake/run_test.py" "/home/leejeonghun/ros2_example_ws/build/examples_rclcpp_cbg_executor/test_results/examples_rclcpp_cbg_executor/cppcheck.xunit.xml" "--package-name" "examples_rclcpp_cbg_executor" "--output-file" "/home/leejeonghun/ros2_example_ws/build/examples_rclcpp_cbg_executor/ament_cppcheck/cppcheck.txt" "--command" "/opt/ros/galactic/bin/ament_cppcheck" "--xunit-file" "/home/leejeonghun/ros2_example_ws/build/examples_rclcpp_cbg_executor/test_results/examples_rclcpp_cbg_executor/cppcheck.xunit.xml" "--include_dirs" "/home/leejeonghun/ros2_example_ws/src/examples/rclcpp/executors/cbg_executor/include"
Directory: /home/leejeonghun/ros2_example_ws/src/examples/rclcpp/executors/cbg_executor
"cppcheck" start time: Jul 08 11:57 KST
Output:
----------------------------------------------------------
-- run_test.py: invoking following command in '/home/leejeonghun/ros2_example_ws/src/examples/rclcpp/executors/cbg_executor':
 - /opt/ros/galactic/bin/ament_cppcheck --xunit-file /home/leejeonghun/ros2_example_ws/build/examples_rclcpp_cbg_executor/test_results/examples_rclcpp_cbg_executor/cppcheck.xunit.xml --include_dirs /home/leejeonghun/ros2_example_ws/src/examples/rclcpp/executors/cbg_executor/include
No problems found
-- run_test.py: return code 0
-- run_test.py: verify result file '/home/leejeonghun/ros2_example_ws/build/examples_rclcpp_cbg_executor/test_results/examples_rclcpp_cbg_executor/cppcheck.xunit.xml'
<end of output>
Test time =   0.87 sec
----------------------------------------------------------
Test Passed.
"cppcheck" end time: Jul 08 11:57 KST
"cppcheck" time elapsed: 00:00:00
----------------------------------------------------------

3/6 Testing: cpplint
3/6 Test: cpplint
Command: "/usr/bin/python3" "-u" "/opt/ros/galactic/share/ament_cmake_test/cmake/run_test.py" "/home/leejeonghun/ros2_example_ws/build/examples_rclcpp_cbg_executor/test_results/examples_rclcpp_cbg_executor/cpplint.xunit.xml" "--package-name" "examples_rclcpp_cbg_executor" "--output-file" "/home/leejeonghun/ros2_example_ws/build/examples_rclcpp_cbg_executor/ament_cpplint/cpplint.txt" "--command" "/opt/ros/galactic/bin/ament_cpplint" "--xunit-file" "/home/leejeonghun/ros2_example_ws/build/examples_rclcpp_cbg_executor/test_results/examples_rclcpp_cbg_executor/cpplint.xunit.xml"
Directory: /home/leejeonghun/ros2_example_ws/src/examples/rclcpp/executors/cbg_executor
"cpplint" start time: Jul 08 11:57 KST
Output:
----------------------------------------------------------
-- run_test.py: invoking following command in '/home/leejeonghun/ros2_example_ws/src/examples/rclcpp/executors/cbg_executor':
 - /opt/ros/galactic/bin/ament_cpplint --xunit-file /home/leejeonghun/ros2_example_ws/build/examples_rclcpp_cbg_executor/test_results/examples_rclcpp_cbg_executor/cpplint.xunit.xml
Using '--root=/home/leejeonghun/ros2_example_ws/src/examples/rclcpp/executors/cbg_executor/include' argument

Done processing /home/leejeonghun/ros2_example_ws/src/examples/rclcpp/executors/cbg_executor/include/examples_rclcpp_cbg_executor/ping_node.hpp

Done processing /home/leejeonghun/ros2_example_ws/src/examples/rclcpp/executors/cbg_executor/include/examples_rclcpp_cbg_executor/pong_node.hpp

Using '--root=/home/leejeonghun/ros2_example_ws/src/examples/rclcpp/executors/cbg_executor/src' argument

Done processing /home/leejeonghun/ros2_example_ws/src/examples/rclcpp/executors/cbg_executor/src/ping.cpp

Done processing /home/leejeonghun/ros2_example_ws/src/examples/rclcpp/executors/cbg_executor/src/ping_pong.cpp

Done processing /home/leejeonghun/ros2_example_ws/src/examples/rclcpp/executors/cbg_executor/src/pong.cpp

Done processing /home/leejeonghun/ros2_example_ws/src/examples/rclcpp/executors/cbg_executor/src/examples_rclcpp_cbg_executor/ping_node.cpp

Done processing /home/leejeonghun/ros2_example_ws/src/examples/rclcpp/executors/cbg_executor/src/examples_rclcpp_cbg_executor/pong_node.cpp

Done processing /home/leejeonghun/ros2_example_ws/src/examples/rclcpp/executors/cbg_executor/src/examples_rclcpp_cbg_executor/utilities.hpp

No problems found
-- run_test.py: return code 0
-- run_test.py: verify result file '/home/leejeonghun/ros2_example_ws/build/examples_rclcpp_cbg_executor/test_results/examples_rclcpp_cbg_executor/cpplint.xunit.xml'
<end of output>
Test time =   1.21 sec
----------------------------------------------------------
Test Passed.
"cpplint" end time: Jul 08 11:57 KST
"cpplint" time elapsed: 00:00:01
----------------------------------------------------------

4/6 Testing: lint_cmake
4/6 Test: lint_cmake
Command: "/usr/bin/python3" "-u" "/opt/ros/galactic/share/ament_cmake_test/cmake/run_test.py" "/home/leejeonghun/ros2_example_ws/build/examples_rclcpp_cbg_executor/test_results/examples_rclcpp_cbg_executor/lint_cmake.xunit.xml" "--package-name" "examples_rclcpp_cbg_executor" "--output-file" "/home/leejeonghun/ros2_example_ws/build/examples_rclcpp_cbg_executor/ament_lint_cmake/lint_cmake.txt" "--command" "/opt/ros/galactic/bin/ament_lint_cmake" "--xunit-file" "/home/leejeonghun/ros2_example_ws/build/examples_rclcpp_cbg_executor/test_results/examples_rclcpp_cbg_executor/lint_cmake.xunit.xml"
Directory: /home/leejeonghun/ros2_example_ws/src/examples/rclcpp/executors/cbg_executor
"lint_cmake" start time: Jul 08 11:57 KST
Output:
----------------------------------------------------------
-- run_test.py: invoking following command in '/home/leejeonghun/ros2_example_ws/src/examples/rclcpp/executors/cbg_executor':
 - /opt/ros/galactic/bin/ament_lint_cmake --xunit-file /home/leejeonghun/ros2_example_ws/build/examples_rclcpp_cbg_executor/test_results/examples_rclcpp_cbg_executor/lint_cmake.xunit.xml

No problems found
-- run_test.py: return code 0
-- run_test.py: verify result file '/home/leejeonghun/ros2_example_ws/build/examples_rclcpp_cbg_executor/test_results/examples_rclcpp_cbg_executor/lint_cmake.xunit.xml'
<end of output>
Test time =   0.40 sec
----------------------------------------------------------
Test Passed.
"lint_cmake" end time: Jul 08 11:57 KST
"lint_cmake" time elapsed: 00:00:00
----------------------------------------------------------

5/6 Testing: uncrustify
5/6 Test: uncrustify
Command: "/usr/bin/python3" "-u" "/opt/ros/galactic/share/ament_cmake_test/cmake/run_test.py" "/home/leejeonghun/ros2_example_ws/build/examples_rclcpp_cbg_executor/test_results/examples_rclcpp_cbg_executor/uncrustify.xunit.xml" "--package-name" "examples_rclcpp_cbg_executor" "--output-file" "/home/leejeonghun/ros2_example_ws/build/examples_rclcpp_cbg_executor/ament_uncrustify/uncrustify.txt" "--command" "/opt/ros/galactic/bin/ament_uncrustify" "--xunit-file" "/home/leejeonghun/ros2_example_ws/build/examples_rclcpp_cbg_executor/test_results/examples_rclcpp_cbg_executor/uncrustify.xunit.xml"
Directory: /home/leejeonghun/ros2_example_ws/src/examples/rclcpp/executors/cbg_executor
"uncrustify" start time: Jul 08 11:57 KST
Output:
----------------------------------------------------------
-- run_test.py: invoking following command in '/home/leejeonghun/ros2_example_ws/src/examples/rclcpp/executors/cbg_executor':
 - /opt/ros/galactic/bin/ament_uncrustify --xunit-file /home/leejeonghun/ros2_example_ws/build/examples_rclcpp_cbg_executor/test_results/examples_rclcpp_cbg_executor/uncrustify.xunit.xml
No code style divergence in file 'include/examples_rclcpp_cbg_executor/ping_node.hpp'

No code style divergence in file 'include/examples_rclcpp_cbg_executor/pong_node.hpp'

No code style divergence in file 'src/examples_rclcpp_cbg_executor/ping_node.cpp'

No code style divergence in file 'src/examples_rclcpp_cbg_executor/pong_node.cpp'

No code style divergence in file 'src/examples_rclcpp_cbg_executor/utilities.hpp'

No code style divergence in file 'src/ping.cpp'

No code style divergence in file 'src/ping_pong.cpp'

No code style divergence in file 'src/pong.cpp'

No problems found
-- run_test.py: return code 0
-- run_test.py: verify result file '/home/leejeonghun/ros2_example_ws/build/examples_rclcpp_cbg_executor/test_results/examples_rclcpp_cbg_executor/uncrustify.xunit.xml'
<end of output>
Test time =   0.46 sec
----------------------------------------------------------
Test Passed.
"uncrustify" end time: Jul 08 11:57 KST
"uncrustify" time elapsed: 00:00:00
----------------------------------------------------------

6/6 Testing: xmllint
6/6 Test: xmllint
Command: "/usr/bin/python3" "-u" "/opt/ros/galactic/share/ament_cmake_test/cmake/run_test.py" "/home/leejeonghun/ros2_example_ws/build/examples_rclcpp_cbg_executor/test_results/examples_rclcpp_cbg_executor/xmllint.xunit.xml" "--package-name" "examples_rclcpp_cbg_executor" "--output-file" "/home/leejeonghun/ros2_example_ws/build/examples_rclcpp_cbg_executor/ament_xmllint/xmllint.txt" "--command" "/opt/ros/galactic/bin/ament_xmllint" "--xunit-file" "/home/leejeonghun/ros2_example_ws/build/examples_rclcpp_cbg_executor/test_results/examples_rclcpp_cbg_executor/xmllint.xunit.xml"
Directory: /home/leejeonghun/ros2_example_ws/src/examples/rclcpp/executors/cbg_executor
"xmllint" start time: Jul 08 11:57 KST
Output:
----------------------------------------------------------
-- run_test.py: invoking following command in '/home/leejeonghun/ros2_example_ws/src/examples/rclcpp/executors/cbg_executor':
 - /opt/ros/galactic/bin/ament_xmllint --xunit-file /home/leejeonghun/ros2_example_ws/build/examples_rclcpp_cbg_executor/test_results/examples_rclcpp_cbg_executor/xmllint.xunit.xml
File 'package.xml' is valid

No problems found
-- run_test.py: return code 0
-- run_test.py: verify result file '/home/leejeonghun/ros2_example_ws/build/examples_rclcpp_cbg_executor/test_results/examples_rclcpp_cbg_executor/xmllint.xunit.xml'
<end of output>
Test time =   0.90 sec
----------------------------------------------------------
Test Passed.
"xmllint" end time: Jul 08 11:57 KST
"xmllint" time elapsed: 00:00:00
----------------------------------------------------------

End testing: Jul 08 11:57 KST

copyright =   2.56 sec*proc

cppcheck =   0.87 sec*proc

cpplint =   1.21 sec*proc

lint_cmake =   0.40 sec*proc

linter =   6.39 sec*proc

uncrustify =   0.46 sec*proc

xmllint =   0.90 sec*proc

